<?xml version="1.0" encoding="UTF-8"?>
<!-- Generated by org.testng.reporters.JUnitXMLReporter -->
<testsuite ignored="0" hostname="LAPTOP-CO83C7E5" failures="0" tests="3" name="Default test" time="20.846" errors="0" timestamp="2022-03-30T11:01:26 IST">
  <testcase classname="Runner_main.MainScript" name="browse" time="2.856"/>
  <testcase classname="Runner_main.MainScript" name="login_fun" time="4.793"/>
  <testcase classname="Runner_main.MainScript" name="search_fun" time="10.297"/>
</testsuite> <!-- Default test -->
