<?xml version="1.0" encoding="UTF-8"?>
<!-- Generated by org.testng.reporters.JUnitXMLReporter -->
<testsuite ignored="0" hostname="LAPTOP-CO83C7E5" failures="0" tests="5" name="Default test" time="9.478" errors="0" timestamp="2021-12-08T21:57:07 IST">
  <testcase classname="MainScript_calculator.Calculator" name="browse" time="3.68"/>
  <testcase classname="MainScript_calculator.Calculator" name="Mul" time="0.699"/>
  <testcase classname="MainScript_calculator.Calculator" name="Div" time="0.741"/>
  <testcase classname="MainScript_calculator.Calculator" name="Add" time="0.985"/>
  <testcase classname="MainScript_calculator.Calculator" name="Sub" time="1.069"/>
</testsuite> <!-- Default test -->
