<?xml version="1.0" encoding="UTF-8"?>
<!-- Generated by org.testng.reporters.JUnitXMLReporter -->
<testsuite ignored="0" hostname="LAPTOP-CO83C7E5" failures="0" tests="5" name="Test" time="9.128" errors="0" timestamp="2021-12-08T18:57:39 IST">
  <testcase classname="MainScript_calculator.Calculator" name="browse" time="3.821"/>
  <testcase classname="MainScript_calculator.Calculator" name="Mul" time="0.778"/>
  <testcase classname="MainScript_calculator.Calculator" name="Div" time="0.711"/>
  <testcase classname="MainScript_calculator.Calculator" name="Add" time="0.92"/>
  <testcase classname="MainScript_calculator.Calculator" name="Sub" time="1.008"/>
</testsuite> <!-- Test -->
