<?xml version="1.0" encoding="UTF-8"?>
<!-- Generated by org.testng.reporters.JUnitXMLReporter -->
<testsuite ignored="0" hostname="LAPTOP-CO83C7E5" failures="0" tests="3" name="Test" time="24.843" errors="0" timestamp="2022-03-29T20:07:32 IST">
  <testcase classname="Runner_main.MainScript" name="browse" time="2.976"/>
  <testcase classname="Runner_main.MainScript" name="login_fun" time="4.892"/>
  <testcase classname="Runner_main.MainScript" name="search_fun" time="15.262"/>
</testsuite> <!-- Test -->
