<?xml version="1.0" encoding="UTF-8"?>
<testng-results ignored="0" total="3" passed="3" failed="0" skipped="0">
  <reporter-output>
  </reporter-output>
  <suite started-at="2022-03-30T11:01:05 IST" name="Default suite" finished-at="2022-03-30T11:01:26 IST" duration-ms="20846">
    <groups>
      <group name="regression">
        <method signature="MainScript.browse()[pri:1, instance:Runner_main.MainScript@5049d8b2]" name="browse" class="Runner_main.MainScript"/>
      </group> <!-- regression -->
      <group name="smoke">
        <method signature="MainScript.browse()[pri:1, instance:Runner_main.MainScript@5049d8b2]" name="browse" class="Runner_main.MainScript"/>
      </group> <!-- smoke -->
    </groups>
    <test started-at="2022-03-30T11:01:05 IST" name="Default test" finished-at="2022-03-30T11:01:26 IST" duration-ms="20846">
      <class name="Runner_main.MainScript">
        <test-method is-config="true" signature="initialize()[pri:0, instance:Runner_main.MainScript@5049d8b2]" started-at="2022-03-30T11:01:05 IST" name="initialize" finished-at="2022-03-30T11:01:07 IST" duration-ms="2426" status="PASS">
          <reporter-output>
          </reporter-output>
        </test-method> <!-- initialize -->
        <test-method signature="browse()[pri:1, instance:Runner_main.MainScript@5049d8b2]" started-at="2022-03-30T11:01:07 IST" name="browse" finished-at="2022-03-30T11:01:10 IST" duration-ms="2856" status="PASS">
          <reporter-output>
          </reporter-output>
        </test-method> <!-- browse -->
        <test-method signature="login_fun()[pri:2, instance:Runner_main.MainScript@5049d8b2]" started-at="2022-03-30T11:01:10 IST" name="login_fun" finished-at="2022-03-30T11:01:15 IST" duration-ms="4793" status="PASS">
          <reporter-output>
          </reporter-output>
        </test-method> <!-- login_fun -->
        <test-method signature="search_fun()[pri:3, instance:Runner_main.MainScript@5049d8b2]" started-at="2022-03-30T11:01:15 IST" name="search_fun" finished-at="2022-03-30T11:01:25 IST" duration-ms="10297" status="PASS">
          <reporter-output>
          </reporter-output>
        </test-method> <!-- search_fun -->
        <test-method is-config="true" signature="quit()[pri:0, instance:Runner_main.MainScript@5049d8b2]" started-at="2022-03-30T11:01:25 IST" name="quit" finished-at="2022-03-30T11:01:26 IST" duration-ms="421" status="PASS">
          <reporter-output>
          </reporter-output>
        </test-method> <!-- quit -->
      </class> <!-- Runner_main.MainScript -->
    </test> <!-- Default test -->
  </suite> <!-- Default suite -->
</testng-results>
